<?xml version="1.0" encoding="UTF-8"?>
<testng-results skipped="0" failed="0" ignored="0" total="2" passed="2">
  <reporter-output>
  </reporter-output>
  <suite name="Suite" duration-ms="50526" started-at="2018-03-25T15:45:00Z" finished-at="2018-03-25T15:45:51Z">
    <groups>
    </groups>
    <test name="Test" duration-ms="50526" started-at="2018-03-25T15:45:00Z" finished-at="2018-03-25T15:45:51Z">
      <class name="testngebaytestdataprovider.Halfebaytest">
        <test-method status="PASS" signature="setup()[pri:0, instance:testngebaytestdataprovider.Halfebaytest@1794d431]" name="setup" is-config="true" duration-ms="21928" started-at="2018-03-25T11:45:03Z" finished-at="2018-03-25T11:45:25Z">
          <reporter-output>
          </reporter-output>
        </test-method> <!-- setup -->
        <test-method status="PASS" signature="registerebay(java.lang.String, java.lang.String, java.lang.String, java.lang.String)[pri:0, instance:testngebaytestdataprovider.Halfebaytest@1794d431]" name="registerebay" duration-ms="2436" started-at="2018-03-25T11:45:25Z" data-provider="getTestData" finished-at="2018-03-25T11:45:27Z">
          <params>
            <param index="0">
              <value>
                <![CDATA[suresh]]>
              </value>
            </param>
            <param index="1">
              <value>
                <![CDATA[krisnan]]>
              </value>
            </param>
            <param index="2">
              <value>
                <![CDATA[test@testmail.com]]>
              </value>
            </param>
            <param index="3">
              <value>
                <![CDATA[12345.0]]>
              </value>
            </param>
          </params>
          <reporter-output>
          </reporter-output>
        </test-method> <!-- registerebay -->
        <test-method status="PASS" signature="teardown()[pri:0, instance:testngebaytestdataprovider.Halfebaytest@1794d431]" name="teardown" is-config="true" duration-ms="2392" started-at="2018-03-25T11:45:27Z" finished-at="2018-03-25T11:45:30Z">
          <reporter-output>
          </reporter-output>
        </test-method> <!-- teardown -->
        <test-method status="PASS" signature="setup()[pri:0, instance:testngebaytestdataprovider.Halfebaytest@1794d431]" name="setup" is-config="true" duration-ms="17488" started-at="2018-03-25T11:45:30Z" finished-at="2018-03-25T11:45:47Z">
          <reporter-output>
          </reporter-output>
        </test-method> <!-- setup -->
        <test-method status="PASS" signature="registerebay(java.lang.String, java.lang.String, java.lang.String, java.lang.String)[pri:0, instance:testngebaytestdataprovider.Halfebaytest@1794d431]" name="registerebay" duration-ms="2800" started-at="2018-03-25T11:45:47Z" data-provider="getTestData" finished-at="2018-03-25T11:45:50Z">
          <params>
            <param index="0">
              <value>
                <![CDATA[Athul]]>
              </value>
            </param>
            <param index="1">
              <value>
                <![CDATA[Suresh]]>
              </value>
            </param>
            <param index="2">
              <value>
                <![CDATA[test@testmail.com]]>
              </value>
            </param>
            <param index="3">
              <value>
                <![CDATA[7777.0]]>
              </value>
            </param>
          </params>
          <reporter-output>
          </reporter-output>
        </test-method> <!-- registerebay -->
        <test-method status="PASS" signature="teardown()[pri:0, instance:testngebaytestdataprovider.Halfebaytest@1794d431]" name="teardown" is-config="true" duration-ms="502" started-at="2018-03-25T11:45:50Z" finished-at="2018-03-25T11:45:51Z">
          <reporter-output>
          </reporter-output>
        </test-method> <!-- teardown -->
      </class> <!-- testngebaytestdataprovider.Halfebaytest -->
    </test> <!-- Test -->
  </suite> <!-- Suite -->
</testng-results>
